[19:21:23] [Server thread/INFO]: Starting minecraft server version 1.12.2
[19:21:23] [Server thread/INFO]: Loading properties
[19:21:23] [Server thread/INFO]: Default game type: SURVIVAL
[19:21:23] [Server thread/INFO]: This server is running CraftBukkit version git-Spigot-79a30d7-f4830a1 (MC: 1.12.2) (Implementing API version 1.12.2-R0.1-SNAPSHOT)
[19:21:23] [Server thread/INFO]: Debug logging is disabled
[19:21:23] [Server thread/INFO]: Server Ping Player Sample Count: 12

[19:21:23] [Server thread/INFO]: Using 4 threads for Netty based IO
[19:21:23] [Server thread/INFO]: Generating keypair
[19:21:23] [Server thread/INFO]: Starting Minecraft server on *:25565
[19:21:23] [Server thread/INFO]: Using default channel type
[19:21:23] [Server thread/INFO]: **** Beginning UUID conversion, this may take A LONG time ****
[19:21:23] [Server thread/INFO]: Preparing level "world"
[19:21:23] [Server thread/INFO]: -------- World Settings For [world] --------
[19:21:23] [Server thread/INFO]: Nerfing mobs spawned from spawners: false
[19:21:23] [Server thread/INFO]: Allow Zombie Pigmen to spawn from portal blocks: true
[19:21:23] [Server thread/INFO]: Item Merge Radius: 2.5
[19:21:23] [Server thread/INFO]: Item Despawn Rate: 6000
[19:21:23] [Server thread/INFO]: Arrow Despawn Rate: 1200
[19:21:23] [Server thread/INFO]: View Distance: 10
[19:21:23] [Server thread/INFO]: Experience Merge Radius: 3.0
[19:21:23] [Server thread/INFO]: Mob Spawn Range: 4
[19:21:23] [Server thread/INFO]: Cactus Growth Modifier: 100%
[19:21:23] [Server thread/INFO]: Cane Growth Modifier: 100%
[19:21:23] [Server thread/INFO]: Melon Growth Modifier: 100%
[19:21:23] [Server thread/INFO]: Mushroom Growth Modifier: 100%
[19:21:23] [Server thread/INFO]: Pumpkin Growth Modifier: 100%
[19:21:23] [Server thread/INFO]: Sapling Growth Modifier: 100%
[19:21:23] [Server thread/INFO]: Wheat Growth Modifier: 100%
[19:21:23] [Server thread/INFO]: NetherWart Growth Modifier: 100%
[19:21:23] [Server thread/INFO]: Vine Growth Modifier: 100%
[19:21:23] [Server thread/INFO]: Cocoa Growth Modifier: 100%
[19:21:23] [Server thread/INFO]: Entity Activation Range: An 32 / Mo 32 / Mi 16 / Tiv true
[19:21:23] [Server thread/INFO]: Entity Tracking Range: Pl 48 / An 48 / Mo 48 / Mi 32 / Other 64
[19:21:23] [Server thread/INFO]: Hopper Transfer: 8 Hopper Check: 1 Hopper Amount: 1
[19:21:23] [Server thread/INFO]: Random Lighting Updates: false
[19:21:23] [Server thread/INFO]: Max TNT Explosions: 100
[19:21:23] [Server thread/INFO]: Custom Map Seeds:  Village: 10387312 Feature: 14357617 Monument: 10387313 Slime: 987234911
[19:21:23] [Server thread/INFO]: Structure Info Saving: true
[19:21:23] [Server thread/INFO]: Tile Max Tick Time: 50ms Entity max Tick Time: 50ms
[19:21:23] [Server thread/INFO]: Zombie Aggressive Towards Villager: true
[19:21:24] [Server thread/INFO]: -------- World Settings For [world_nether] --------
[19:21:24] [Server thread/INFO]: Nerfing mobs spawned from spawners: false
[19:21:24] [Server thread/INFO]: Allow Zombie Pigmen to spawn from portal blocks: true
[19:21:24] [Server thread/INFO]: Item Merge Radius: 2.5
[19:21:24] [Server thread/INFO]: Item Despawn Rate: 6000
[19:21:24] [Server thread/INFO]: Arrow Despawn Rate: 1200
[19:21:24] [Server thread/INFO]: View Distance: 10
[19:21:24] [Server thread/INFO]: Experience Merge Radius: 3.0
[19:21:24] [Server thread/INFO]: Mob Spawn Range: 4
[19:21:24] [Server thread/INFO]: Cactus Growth Modifier: 100%
[19:21:24] [Server thread/INFO]: Cane Growth Modifier: 100%
[19:21:24] [Server thread/INFO]: Melon Growth Modifier: 100%
[19:21:24] [Server thread/INFO]: Mushroom Growth Modifier: 100%
[19:21:24] [Server thread/INFO]: Pumpkin Growth Modifier: 100%
[19:21:24] [Server thread/INFO]: Sapling Growth Modifier: 100%
[19:21:24] [Server thread/INFO]: Wheat Growth Modifier: 100%
[19:21:24] [Server thread/INFO]: NetherWart Growth Modifier: 100%
[19:21:24] [Server thread/INFO]: Vine Growth Modifier: 100%
[19:21:24] [Server thread/INFO]: Cocoa Growth Modifier: 100%
[19:21:24] [Server thread/INFO]: Entity Activation Range: An 32 / Mo 32 / Mi 16 / Tiv true
[19:21:24] [Server thread/INFO]: Entity Tracking Range: Pl 48 / An 48 / Mo 48 / Mi 32 / Other 64
[19:21:24] [Server thread/INFO]: Hopper Transfer: 8 Hopper Check: 1 Hopper Amount: 1
[19:21:24] [Server thread/INFO]: Random Lighting Updates: false
[19:21:24] [Server thread/INFO]: Max TNT Explosions: 100
[19:21:24] [Server thread/INFO]: Custom Map Seeds:  Village: 10387312 Feature: 14357617 Monument: 10387313 Slime: 987234911
[19:21:24] [Server thread/INFO]: Structure Info Saving: true
[19:21:24] [Server thread/INFO]: Tile Max Tick Time: 50ms Entity max Tick Time: 50ms
[19:21:24] [Server thread/INFO]: Zombie Aggressive Towards Villager: true
[19:21:24] [Server thread/INFO]: -------- World Settings For [world_the_end] --------
[19:21:24] [Server thread/INFO]: Nerfing mobs spawned from spawners: false
[19:21:24] [Server thread/INFO]: Allow Zombie Pigmen to spawn from portal blocks: true
[19:21:24] [Server thread/INFO]: Item Merge Radius: 2.5
[19:21:24] [Server thread/INFO]: Item Despawn Rate: 6000
[19:21:24] [Server thread/INFO]: Arrow Despawn Rate: 1200
[19:21:24] [Server thread/INFO]: View Distance: 10
[19:21:24] [Server thread/INFO]: Experience Merge Radius: 3.0
[19:21:24] [Server thread/INFO]: Mob Spawn Range: 4
[19:21:24] [Server thread/INFO]: Cactus Growth Modifier: 100%
[19:21:24] [Server thread/INFO]: Cane Growth Modifier: 100%
[19:21:24] [Server thread/INFO]: Melon Growth Modifier: 100%
[19:21:24] [Server thread/INFO]: Mushroom Growth Modifier: 100%
[19:21:24] [Server thread/INFO]: Pumpkin Growth Modifier: 100%
[19:21:24] [Server thread/INFO]: Sapling Growth Modifier: 100%
[19:21:24] [Server thread/INFO]: Wheat Growth Modifier: 100%
[19:21:24] [Server thread/INFO]: NetherWart Growth Modifier: 100%
[19:21:24] [Server thread/INFO]: Vine Growth Modifier: 100%
[19:21:24] [Server thread/INFO]: Cocoa Growth Modifier: 100%
[19:21:24] [Server thread/INFO]: Entity Activation Range: An 32 / Mo 32 / Mi 16 / Tiv true
[19:21:24] [Server thread/INFO]: Entity Tracking Range: Pl 48 / An 48 / Mo 48 / Mi 32 / Other 64
[19:21:24] [Server thread/INFO]: Hopper Transfer: 8 Hopper Check: 1 Hopper Amount: 1
[19:21:24] [Server thread/INFO]: Random Lighting Updates: false
[19:21:24] [Server thread/INFO]: Max TNT Explosions: 100
[19:21:24] [Server thread/INFO]: Custom Map Seeds:  Village: 10387312 Feature: 14357617 Monument: 10387313 Slime: 987234911
[19:21:24] [Server thread/INFO]: Structure Info Saving: true
[19:21:24] [Server thread/INFO]: Tile Max Tick Time: 50ms Entity max Tick Time: 50ms
[19:21:24] [Server thread/INFO]: Zombie Aggressive Towards Villager: true
[19:21:24] [Server thread/INFO]: Preparing start region for level 0 (Seed: -5754509652397628513)
[19:21:25] [Server thread/INFO]: Preparing spawn area: 11%
[19:21:26] [Server thread/INFO]: Preparing spawn area: 22%
[19:21:27] [Server thread/INFO]: Preparing spawn area: 35%
[19:21:28] [Server thread/INFO]: Preparing spawn area: 43%
[19:21:29] [Server thread/INFO]: Preparing spawn area: 50%
[19:21:30] [Server thread/INFO]: Preparing spawn area: 57%
[19:21:31] [Server thread/INFO]: Preparing spawn area: 65%
[19:21:32] [Server thread/INFO]: Preparing spawn area: 73%
[19:21:33] [Server thread/INFO]: Preparing spawn area: 82%
[19:21:34] [Server thread/INFO]: Preparing spawn area: 92%
[19:21:35] [Server thread/INFO]: Preparing start region for level 1 (Seed: -5754509652397628513)
[19:21:36] [Server thread/INFO]: Preparing spawn area: 20%
[19:21:37] [Server thread/INFO]: Preparing spawn area: 42%
[19:21:38] [Server thread/INFO]: Preparing spawn area: 62%
[19:21:39] [Server thread/INFO]: Preparing spawn area: 81%
[19:21:40] [Server thread/INFO]: Preparing spawn area: 98%
[19:21:40] [Server thread/INFO]: Preparing start region for level 2 (Seed: -5754509652397628513)
[19:21:41] [Server thread/INFO]: Preparing spawn area: 57%
[19:21:42] [Server thread/INFO]: Done (18.743s)! For help, type "help" or "?"
[19:33:27] [User Authenticator #1/INFO]: UUID of player captain0potlid is 42f077de-fee4-4d6e-9089-0270236d9717
[19:33:27] [Server thread/INFO]: captain0potlid[/127.0.0.1:51812] logged in with entity id 2512 at ([world]-251.5, 65.0, 213.5)
[19:33:35] [Server thread/INFO]: Opped captain0potlid
[19:33:42] [Server thread/INFO]: captain0potlid issued server command: /gamemode 1
[19:33:42] [Server thread/INFO]: [captain0potlid: Set own game mode to Creative Mode]
[19:33:55] [Server thread/INFO]: captain0potlid issued server command: /gamerule doMobSpawning
[19:33:59] [Server thread/INFO]: captain0potlid issued server command: /gamerule doMobSpawning false
[19:33:59] [Server thread/INFO]: [captain0potlid: Game rule doMobSpawning has been updated to false]
[19:34:07] [Server thread/INFO]: captain0potlid issued server command: /difficulty peaceful
[19:34:07] [Server thread/INFO]: [captain0potlid: Set game difficulty to Peaceful]
[19:34:12] [Server thread/INFO]: captain0potlid issued server command: /time set day
[19:34:12] [Server thread/INFO]: [captain0potlid: Set the time to 1000]
[19:35:42] [Server thread/INFO]: captain0potlid issued server command: /pl
